Performing C SOURCE FILE Test CMAKE_HAVE_LIBC_PTHREAD failed with the following output:
Change Dir: /home/zhilong/catkin_ws/src/cmake-build-debug/CMakeFiles/CMakeTmp

Run Build Command(s):/usr/bin/make cmTC_293ee/fast && /usr/bin/make -f CMakeFiles/cmTC_293ee.dir/build.make CMakeFiles/cmTC_293ee.dir/build
make[1]: 进入目录“/home/zhilong/Nextcloud/SSD/catkin_ws/src/cmake-build-debug/CMakeFiles/CMakeTmp”
Building C object CMakeFiles/cmTC_293ee.dir/src.c.o
/usr/bin/cc   -DCMAKE_HAVE_LIBC_PTHREAD   -o CMakeFiles/cmTC_293ee.dir/src.c.o   -c /home/zhilong/catkin_ws/src/cmake-build-debug/CMakeFiles/CMakeTmp/src.c
Linking C executable cmTC_293ee
/snap/clion/121/bin/cmake/linux/bin/cmake -E cmake_link_script CMakeFiles/cmTC_293ee.dir/link.txt --verbose=1
/usr/bin/cc  -DCMAKE_HAVE_LIBC_PTHREAD    -rdynamic CMakeFiles/cmTC_293ee.dir/src.c.o  -o cmTC_293ee 
CMakeFiles/cmTC_293ee.dir/src.c.o：在函数‘main’中：
src.c:(.text+0x3e)：对‘pthread_create’未定义的引用
src.c:(.text+0x4a)：对‘pthread_detach’未定义的引用
src.c:(.text+0x5b)：对‘pthread_join’未定义的引用
src.c:(.text+0x6f)：对‘pthread_atfork’未定义的引用
collect2: error: ld returned 1 exit status
CMakeFiles/cmTC_293ee.dir/build.make:86: recipe for target 'cmTC_293ee' failed
make[1]: *** [cmTC_293ee] Error 1
make[1]: 离开目录“/home/zhilong/Nextcloud/SSD/catkin_ws/src/cmake-build-debug/CMakeFiles/CMakeTmp”
Makefile:121: recipe for target 'cmTC_293ee/fast' failed
make: *** [cmTC_293ee/fast] Error 2


Source file was:
#include <pthread.h>

void* test_func(void* data)
{
  return data;
}

int main(void)
{
  pthread_t thread;
  pthread_create(&thread, NULL, test_func, NULL);
  pthread_detach(thread);
  pthread_join(thread, NULL);
  pthread_atfork(NULL, NULL, NULL);
  pthread_exit(NULL);

  return 0;
}

Determining if the function pthread_create exists in the pthreads failed with the following output:
Change Dir: /home/zhilong/catkin_ws/src/cmake-build-debug/CMakeFiles/CMakeTmp

Run Build Command(s):/usr/bin/make cmTC_23b6d/fast && /usr/bin/make -f CMakeFiles/cmTC_23b6d.dir/build.make CMakeFiles/cmTC_23b6d.dir/build
make[1]: 进入目录“/home/zhilong/Nextcloud/SSD/catkin_ws/src/cmake-build-debug/CMakeFiles/CMakeTmp”
Building C object CMakeFiles/cmTC_23b6d.dir/CheckFunctionExists.c.o
/usr/bin/cc   -DCHECK_FUNCTION_EXISTS=pthread_create   -o CMakeFiles/cmTC_23b6d.dir/CheckFunctionExists.c.o   -c /snap/clion/121/bin/cmake/linux/share/cmake-3.16/Modules/CheckFunctionExists.c
Linking C executable cmTC_23b6d
/snap/clion/121/bin/cmake/linux/bin/cmake -E cmake_link_script CMakeFiles/cmTC_23b6d.dir/link.txt --verbose=1
/usr/bin/cc  -DCHECK_FUNCTION_EXISTS=pthread_create    -rdynamic CMakeFiles/cmTC_23b6d.dir/CheckFunctionExists.c.o  -o cmTC_23b6d  -lpthreads 
/usr/bin/ld: 找不到 -lpthreads
collect2: error: ld returned 1 exit status
CMakeFiles/cmTC_23b6d.dir/build.make:86: recipe for target 'cmTC_23b6d' failed
make[1]: *** [cmTC_23b6d] Error 1
make[1]: 离开目录“/home/zhilong/Nextcloud/SSD/catkin_ws/src/cmake-build-debug/CMakeFiles/CMakeTmp”
Makefile:121: recipe for target 'cmTC_23b6d/fast' failed
make: *** [cmTC_23b6d/fast] Error 2



